2025-05-25 12:03:39,252 - IOT_database - INFO - Using database configuration from database.ini
2025-05-25 12:03:39,252 - IOT_database - INFO - Connecting to database (attempt 1/1)...
2025-05-25 12:03:39,388 - IOT_database - INFO - Database connection established successfully
2025-05-25 12:03:39,389 - IOT_database - INFO - Using database configuration from database.ini
2025-05-25 12:03:39,389 - IOT_database - INFO - Connecting to database (attempt 1/3)...
2025-05-25 12:03:39,419 - IOT_database - INFO - Database connection established successfully
2025-05-25 12:03:39,421 - IOT_database - ERROR - Error recording device activity: relation "device_activity" does not exist
LINE 1: SELECT COALESCE(MAX(ActivityID), 0) + 1 FROM Device_Activity
                                                     ^

2025-05-25 12:03:39,421 - IOT_database - INFO - Device activity recorded in fallback storage after error - Device: 1, Action: Start Telemetry
2025-05-25 12:03:39,422 - IOT_database - INFO - Using database configuration from database.ini
2025-05-25 12:03:39,422 - IOT_database - INFO - Connecting to database (attempt 1/3)...
2025-05-25 12:03:39,451 - IOT_database - INFO - Database connection established successfully
2025-05-25 12:03:39,452 - IOT_database - ERROR - Error recording device activity: relation "device_activity" does not exist
LINE 1: SELECT COALESCE(MAX(ActivityID), 0) + 1 FROM Device_Activity
                                                     ^

2025-05-25 12:03:39,452 - IOT_database - INFO - Device activity recorded in fallback storage after error - Device: 2, Action: Start Telemetry
2025-05-25 12:03:39,453 - IOT_database - INFO - Using database configuration from database.ini
2025-05-25 12:03:39,453 - IOT_database - INFO - Connecting to database (attempt 1/3)...
2025-05-25 12:03:39,480 - IOT_database - INFO - Database connection established successfully
2025-05-25 12:03:39,481 - IOT_database - ERROR - Error recording device activity: relation "device_activity" does not exist
LINE 1: SELECT COALESCE(MAX(ActivityID), 0) + 1 FROM Device_Activity
                                                     ^

2025-05-25 12:03:39,482 - IOT_database - INFO - Device activity recorded in fallback storage after error - Device: 3, Action: Start Telemetry
2025-05-25 12:03:39,482 - IOT_database - INFO - Starting telemetry simulation...
2025-05-25 12:03:39,482 - IOT_database - INFO - --------------------------------------------------
2025-05-25 12:03:39,482 - IOT_database - INFO - Using database configuration from database.ini
2025-05-25 12:03:39,483 - IOT_database - INFO - Connecting to database (attempt 1/3)...
2025-05-25 12:03:39,510 - IOT_database - INFO - Database connection established successfully
2025-05-25 12:03:39,510 - IOT_database - ERROR - Error sending telemetry data: relation "data" does not exist
LINE 1: SELECT COALESCE(MAX(DataID), 0) + 1 FROM Data
                                                 ^

2025-05-25 12:03:39,511 - IOT_database - INFO - Telemetry data stored in fallback storage after error - Device: 1
2025-05-25 12:03:39,511 - IOT_database - INFO - Using database configuration from database.ini
2025-05-25 12:03:39,511 - IOT_database - INFO - Connecting to database (attempt 1/3)...
2025-05-25 12:03:39,539 - IOT_database - INFO - Database connection established successfully
2025-05-25 12:03:39,540 - IOT_database - ERROR - Error updating device status: relation "device" does not exist
LINE 1: SELECT status FROM Device WHERE DID = 1
                           ^

2025-05-25 12:03:39,540 - IOT_database - INFO - Device status updated in fallback storage after error - Device: 1
2025-05-25 12:03:39,540 - IOT_database - INFO - Data point ID: 1 sent successfully
2025-05-25 12:03:39,540 - IOT_database - INFO - --------------------------------------------------
2025-05-25 12:03:39,541 - IOT_database - INFO - Using database configuration from database.ini
2025-05-25 12:03:39,541 - IOT_database - INFO - Connecting to database (attempt 1/3)...
2025-05-25 12:03:39,574 - IOT_database - INFO - Database connection established successfully
2025-05-25 12:03:39,575 - IOT_database - ERROR - Error sending telemetry data: relation "data" does not exist
LINE 1: SELECT COALESCE(MAX(DataID), 0) + 1 FROM Data
                                                 ^

2025-05-25 12:03:39,575 - IOT_database - INFO - Telemetry data stored in fallback storage after error - Device: 2
2025-05-25 12:03:39,576 - IOT_database - INFO - Using database configuration from database.ini
2025-05-25 12:03:39,576 - IOT_database - INFO - Connecting to database (attempt 1/3)...
2025-05-25 12:03:39,605 - IOT_database - INFO - Database connection established successfully
2025-05-25 12:03:39,606 - IOT_database - ERROR - Error updating device status: relation "device" does not exist
LINE 1: SELECT status FROM Device WHERE DID = 2
                           ^

2025-05-25 12:03:39,606 - IOT_database - INFO - Device status updated in fallback storage after error - Device: 2
2025-05-25 12:03:39,606 - IOT_database - INFO - Data point ID: 2 sent successfully
2025-05-25 12:03:39,606 - IOT_database - INFO - --------------------------------------------------
2025-05-25 12:03:39,607 - IOT_database - INFO - Using database configuration from database.ini
2025-05-25 12:03:39,607 - IOT_database - INFO - Connecting to database (attempt 1/3)...
2025-05-25 12:03:39,744 - IOT_database - INFO - Database connection established successfully
2025-05-25 12:03:39,744 - IOT_database - ERROR - Error sending telemetry data: relation "data" does not exist
LINE 1: SELECT COALESCE(MAX(DataID), 0) + 1 FROM Data
                                                 ^

2025-05-25 12:03:39,744 - IOT_database - INFO - Telemetry data stored in fallback storage after error - Device: 3
2025-05-25 12:03:39,745 - IOT_database - INFO - Using database configuration from database.ini
2025-05-25 12:03:39,745 - IOT_database - INFO - Connecting to database (attempt 1/3)...
2025-05-25 12:03:39,885 - IOT_database - INFO - Database connection established successfully
2025-05-25 12:03:39,886 - IOT_database - ERROR - Error updating device status: relation "device" does not exist
LINE 1: SELECT status FROM Device WHERE DID = 3
                           ^

2025-05-25 12:03:39,886 - IOT_database - INFO - Device status updated in fallback storage after error - Device: 3
2025-05-25 12:03:39,887 - IOT_database - INFO - Data point ID: 3 sent successfully
2025-05-25 12:03:39,887 - IOT_database - INFO - --------------------------------------------------
2025-05-25 12:03:41,895 - IOT_database - INFO - Using database configuration from database.ini
2025-05-25 12:03:41,895 - IOT_database - INFO - Connecting to database (attempt 1/3)...
2025-05-25 12:03:42,022 - IOT_database - INFO - Database connection established successfully
2025-05-25 12:03:42,023 - IOT_database - ERROR - Error sending telemetry data: relation "data" does not exist
LINE 1: SELECT COALESCE(MAX(DataID), 0) + 1 FROM Data
                                                 ^

2025-05-25 12:03:42,023 - IOT_database - INFO - Telemetry data stored in fallback storage after error - Device: 1
2025-05-25 12:03:42,024 - IOT_database - INFO - Using database configuration from database.ini
2025-05-25 12:03:42,024 - IOT_database - INFO - Connecting to database (attempt 1/3)...
2025-05-25 12:03:42,051 - IOT_database - INFO - Database connection established successfully
2025-05-25 12:03:42,052 - IOT_database - ERROR - Error updating device status: relation "device" does not exist
LINE 1: SELECT status FROM Device WHERE DID = 1
                           ^

2025-05-25 12:03:42,052 - IOT_database - INFO - Device status updated in fallback storage after error - Device: 1
2025-05-25 12:03:42,052 - IOT_database - INFO - Data point ID: 4 sent successfully
2025-05-25 12:03:42,052 - IOT_database - INFO - --------------------------------------------------
2025-05-25 12:03:42,052 - IOT_database - INFO - Using database configuration from database.ini
2025-05-25 12:03:42,052 - IOT_database - INFO - Connecting to database (attempt 1/3)...
2025-05-25 12:03:42,078 - IOT_database - INFO - Database connection established successfully
2025-05-25 12:03:42,079 - IOT_database - ERROR - Error sending telemetry data: relation "data" does not exist
LINE 1: SELECT COALESCE(MAX(DataID), 0) + 1 FROM Data
                                                 ^

2025-05-25 12:03:42,079 - IOT_database - INFO - Telemetry data stored in fallback storage after error - Device: 2
2025-05-25 12:03:42,080 - IOT_database - INFO - Using database configuration from database.ini
2025-05-25 12:03:42,080 - IOT_database - INFO - Connecting to database (attempt 1/3)...
2025-05-25 12:03:42,107 - IOT_database - INFO - Database connection established successfully
2025-05-25 12:03:42,107 - IOT_database - ERROR - Error updating device status: relation "device" does not exist
LINE 1: SELECT status FROM Device WHERE DID = 2
                           ^

2025-05-25 12:03:42,108 - IOT_database - INFO - Device status updated in fallback storage after error - Device: 2
2025-05-25 12:03:42,108 - IOT_database - INFO - Data point ID: 5 sent successfully
2025-05-25 12:03:42,108 - IOT_database - INFO - --------------------------------------------------
2025-05-25 12:03:42,108 - IOT_database - INFO - Using database configuration from database.ini
2025-05-25 12:03:42,109 - IOT_database - INFO - Connecting to database (attempt 1/3)...
2025-05-25 12:03:42,135 - IOT_database - INFO - Database connection established successfully
2025-05-25 12:03:42,135 - IOT_database - ERROR - Error sending telemetry data: relation "data" does not exist
LINE 1: SELECT COALESCE(MAX(DataID), 0) + 1 FROM Data
                                                 ^

2025-05-25 12:03:42,135 - IOT_database - INFO - Telemetry data stored in fallback storage after error - Device: 3
2025-05-25 12:03:42,136 - IOT_database - INFO - Using database configuration from database.ini
2025-05-25 12:03:42,136 - IOT_database - INFO - Connecting to database (attempt 1/3)...
2025-05-25 12:03:42,168 - IOT_database - INFO - Database connection established successfully
2025-05-25 12:03:42,169 - IOT_database - ERROR - Error updating device status: relation "device" does not exist
LINE 1: SELECT status FROM Device WHERE DID = 3
                           ^

2025-05-25 12:03:42,169 - IOT_database - INFO - Device status updated in fallback storage after error - Device: 3
2025-05-25 12:03:42,169 - IOT_database - INFO - Data point ID: 6 sent successfully
2025-05-25 12:03:42,170 - IOT_database - INFO - --------------------------------------------------
2025-05-25 12:03:44,183 - IOT_database - INFO - Using database configuration from database.ini
2025-05-25 12:03:44,183 - IOT_database - INFO - Connecting to database (attempt 1/3)...
2025-05-25 12:03:44,311 - IOT_database - INFO - Database connection established successfully
2025-05-25 12:03:44,312 - IOT_database - ERROR - Error sending telemetry data: relation "data" does not exist
LINE 1: SELECT COALESCE(MAX(DataID), 0) + 1 FROM Data
                                                 ^

2025-05-25 12:03:44,312 - IOT_database - INFO - Telemetry data stored in fallback storage after error - Device: 1
2025-05-25 12:03:44,313 - IOT_database - INFO - Using database configuration from database.ini
2025-05-25 12:03:44,313 - IOT_database - INFO - Connecting to database (attempt 1/3)...
2025-05-25 12:03:44,346 - IOT_database - INFO - Database connection established successfully
2025-05-25 12:03:44,347 - IOT_database - ERROR - Error updating device status: relation "device" does not exist
LINE 1: SELECT status FROM Device WHERE DID = 1
                           ^

2025-05-25 12:03:44,347 - IOT_database - INFO - Device status updated in fallback storage after error - Device: 1
2025-05-25 12:03:44,348 - IOT_database - INFO - Data point ID: 7 sent successfully
2025-05-25 12:03:44,348 - IOT_database - INFO - --------------------------------------------------
2025-05-25 12:03:44,348 - IOT_database - INFO - Using database configuration from database.ini
2025-05-25 12:03:44,348 - IOT_database - INFO - Connecting to database (attempt 1/3)...
2025-05-25 12:03:44,482 - IOT_database - INFO - Database connection established successfully
2025-05-25 12:03:44,483 - IOT_database - ERROR - Error sending telemetry data: relation "data" does not exist
LINE 1: SELECT COALESCE(MAX(DataID), 0) + 1 FROM Data
                                                 ^

2025-05-25 12:03:44,483 - IOT_database - INFO - Telemetry data stored in fallback storage after error - Device: 2
2025-05-25 12:03:44,484 - IOT_database - INFO - Using database configuration from database.ini
2025-05-25 12:03:44,484 - IOT_database - INFO - Connecting to database (attempt 1/3)...
2025-05-25 12:03:44,624 - IOT_database - INFO - Database connection established successfully
2025-05-25 12:03:44,625 - IOT_database - ERROR - Error updating device status: relation "device" does not exist
LINE 1: SELECT status FROM Device WHERE DID = 2
                           ^

2025-05-25 12:03:44,625 - IOT_database - INFO - Device status updated in fallback storage after error - Device: 2
2025-05-25 12:03:44,625 - IOT_database - INFO - Data point ID: 8 sent successfully
2025-05-25 12:03:44,625 - IOT_database - INFO - --------------------------------------------------
2025-05-25 12:03:44,626 - IOT_database - INFO - Using database configuration from database.ini
2025-05-25 12:03:44,626 - IOT_database - INFO - Connecting to database (attempt 1/3)...
2025-05-25 12:03:44,658 - IOT_database - INFO - Database connection established successfully
2025-05-25 12:03:44,659 - IOT_database - ERROR - Error sending telemetry data: relation "data" does not exist
LINE 1: SELECT COALESCE(MAX(DataID), 0) + 1 FROM Data
                                                 ^

2025-05-25 12:03:44,659 - IOT_database - INFO - Telemetry data stored in fallback storage after error - Device: 3
2025-05-25 12:03:44,660 - IOT_database - INFO - Using database configuration from database.ini
2025-05-25 12:03:44,660 - IOT_database - INFO - Connecting to database (attempt 1/3)...
2025-05-25 12:03:44,689 - IOT_database - INFO - Database connection established successfully
2025-05-25 12:03:44,689 - IOT_database - ERROR - Error updating device status: relation "device" does not exist
LINE 1: SELECT status FROM Device WHERE DID = 3
                           ^

2025-05-25 12:03:44,689 - IOT_database - INFO - Device status updated in fallback storage after error - Device: 3
2025-05-25 12:03:44,690 - IOT_database - INFO - Data point ID: 9 sent successfully
2025-05-25 12:03:44,690 - IOT_database - INFO - --------------------------------------------------
2025-05-25 12:03:46,693 - IOT_database - INFO - Using database configuration from database.ini
2025-05-25 12:03:46,693 - IOT_database - INFO - Connecting to database (attempt 1/3)...
2025-05-25 12:03:46,720 - IOT_database - INFO - Database connection established successfully
2025-05-25 12:03:46,720 - IOT_database - ERROR - Error sending telemetry data: relation "data" does not exist
LINE 1: SELECT COALESCE(MAX(DataID), 0) + 1 FROM Data
                                                 ^

2025-05-25 12:03:46,721 - IOT_database - INFO - Telemetry data stored in fallback storage after error - Device: 1
2025-05-25 12:03:46,721 - IOT_database - INFO - Using database configuration from database.ini
2025-05-25 12:03:46,721 - IOT_database - INFO - Connecting to database (attempt 1/3)...
2025-05-25 12:03:46,748 - IOT_database - INFO - Database connection established successfully
2025-05-25 12:03:46,749 - IOT_database - ERROR - Error updating device status: relation "device" does not exist
LINE 1: SELECT status FROM Device WHERE DID = 1
                           ^

2025-05-25 12:03:46,749 - IOT_database - INFO - Device status updated in fallback storage after error - Device: 1
2025-05-25 12:03:46,749 - IOT_database - INFO - Data point ID: 10 sent successfully
2025-05-25 12:03:46,749 - IOT_database - INFO - --------------------------------------------------
2025-05-25 12:03:46,750 - IOT_database - INFO - Using database configuration from database.ini
2025-05-25 12:03:46,750 - IOT_database - INFO - Connecting to database (attempt 1/3)...
2025-05-25 12:03:46,892 - IOT_database - INFO - Database connection established successfully
2025-05-25 12:03:46,893 - IOT_database - ERROR - Error sending telemetry data: relation "data" does not exist
LINE 1: SELECT COALESCE(MAX(DataID), 0) + 1 FROM Data
                                                 ^

2025-05-25 12:03:46,894 - IOT_database - INFO - Telemetry data stored in fallback storage after error - Device: 2
2025-05-25 12:03:46,894 - IOT_database - INFO - Using database configuration from database.ini
2025-05-25 12:03:46,895 - IOT_database - INFO - Connecting to database (attempt 1/3)...
2025-05-25 12:03:46,924 - IOT_database - INFO - Database connection established successfully
2025-05-25 12:03:46,925 - IOT_database - ERROR - Error updating device status: relation "device" does not exist
LINE 1: SELECT status FROM Device WHERE DID = 2
                           ^

2025-05-25 12:03:46,925 - IOT_database - INFO - Device status updated in fallback storage after error - Device: 2
2025-05-25 12:03:46,925 - IOT_database - INFO - Data point ID: 11 sent successfully
2025-05-25 12:03:46,925 - IOT_database - INFO - --------------------------------------------------
2025-05-25 12:03:46,926 - IOT_database - INFO - Using database configuration from database.ini
2025-05-25 12:03:46,926 - IOT_database - INFO - Connecting to database (attempt 1/3)...
2025-05-25 12:03:46,954 - IOT_database - INFO - Database connection established successfully
2025-05-25 12:03:46,954 - IOT_database - ERROR - Error sending telemetry data: relation "data" does not exist
LINE 1: SELECT COALESCE(MAX(DataID), 0) + 1 FROM Data
                                                 ^

2025-05-25 12:03:46,955 - IOT_database - INFO - Telemetry data stored in fallback storage after error - Device: 3
2025-05-25 12:03:46,955 - IOT_database - INFO - Using database configuration from database.ini
2025-05-25 12:03:46,955 - IOT_database - INFO - Connecting to database (attempt 1/3)...
2025-05-25 12:03:46,985 - IOT_database - INFO - Database connection established successfully
2025-05-25 12:03:46,986 - IOT_database - ERROR - Error updating device status: relation "device" does not exist
LINE 1: SELECT status FROM Device WHERE DID = 3
                           ^

2025-05-25 12:03:46,986 - IOT_database - INFO - Device status updated in fallback storage after error - Device: 3
2025-05-25 12:03:46,986 - IOT_database - INFO - Data point ID: 12 sent successfully
2025-05-25 12:03:46,986 - IOT_database - INFO - --------------------------------------------------
2025-05-25 12:03:48,999 - IOT_database - INFO - Using database configuration from database.ini
2025-05-25 12:03:48,999 - IOT_database - INFO - Connecting to database (attempt 1/3)...
2025-05-25 12:03:49,027 - IOT_database - INFO - Database connection established successfully
2025-05-25 12:03:49,028 - IOT_database - ERROR - Error sending telemetry data: relation "data" does not exist
LINE 1: SELECT COALESCE(MAX(DataID), 0) + 1 FROM Data
                                                 ^

2025-05-25 12:03:49,028 - IOT_database - INFO - Telemetry data stored in fallback storage after error - Device: 1
2025-05-25 12:03:49,029 - IOT_database - INFO - Using database configuration from database.ini
2025-05-25 12:03:49,029 - IOT_database - INFO - Connecting to database (attempt 1/3)...
2025-05-25 12:03:49,056 - IOT_database - INFO - Database connection established successfully
2025-05-25 12:03:49,056 - IOT_database - ERROR - Error updating device status: relation "device" does not exist
LINE 1: SELECT status FROM Device WHERE DID = 1
                           ^

2025-05-25 12:03:49,056 - IOT_database - INFO - Device status updated in fallback storage after error - Device: 1
2025-05-25 12:03:49,057 - IOT_database - INFO - Data point ID: 13 sent successfully
2025-05-25 12:03:49,057 - IOT_database - INFO - --------------------------------------------------
2025-05-25 12:03:49,057 - IOT_database - INFO - Using database configuration from database.ini
2025-05-25 12:03:49,057 - IOT_database - INFO - Connecting to database (attempt 1/3)...
2025-05-25 12:03:49,083 - IOT_database - INFO - Database connection established successfully
2025-05-25 12:03:49,084 - IOT_database - ERROR - Error sending telemetry data: relation "data" does not exist
LINE 1: SELECT COALESCE(MAX(DataID), 0) + 1 FROM Data
                                                 ^

2025-05-25 12:03:49,084 - IOT_database - INFO - Telemetry data stored in fallback storage after error - Device: 2
2025-05-25 12:03:49,085 - IOT_database - INFO - Using database configuration from database.ini
2025-05-25 12:03:49,085 - IOT_database - INFO - Connecting to database (attempt 1/3)...
2025-05-25 12:03:49,113 - IOT_database - INFO - Database connection established successfully
2025-05-25 12:03:49,114 - IOT_database - ERROR - Error updating device status: relation "device" does not exist
LINE 1: SELECT status FROM Device WHERE DID = 2
                           ^

2025-05-25 12:03:49,114 - IOT_database - INFO - Device status updated in fallback storage after error - Device: 2
2025-05-25 12:03:49,114 - IOT_database - INFO - Data point ID: 14 sent successfully
2025-05-25 12:03:49,115 - IOT_database - INFO - --------------------------------------------------
2025-05-25 12:03:49,115 - IOT_database - INFO - Using database configuration from database.ini
2025-05-25 12:03:49,115 - IOT_database - INFO - Connecting to database (attempt 1/3)...
2025-05-25 12:03:49,142 - IOT_database - INFO - Database connection established successfully
2025-05-25 12:03:49,143 - IOT_database - ERROR - Error sending telemetry data: relation "data" does not exist
LINE 1: SELECT COALESCE(MAX(DataID), 0) + 1 FROM Data
                                                 ^

2025-05-25 12:03:49,143 - IOT_database - INFO - Telemetry data stored in fallback storage after error - Device: 3
2025-05-25 12:03:49,143 - IOT_database - INFO - Using database configuration from database.ini
2025-05-25 12:03:49,143 - IOT_database - INFO - Connecting to database (attempt 1/3)...
2025-05-25 12:03:49,175 - IOT_database - INFO - Database connection established successfully
2025-05-25 12:03:49,176 - IOT_database - ERROR - Error updating device status: relation "device" does not exist
LINE 1: SELECT status FROM Device WHERE DID = 3
                           ^

2025-05-25 12:03:49,176 - IOT_database - INFO - Device status updated in fallback storage after error - Device: 3
2025-05-25 12:03:49,176 - IOT_database - INFO - Data point ID: 15 sent successfully
2025-05-25 12:03:49,176 - IOT_database - INFO - --------------------------------------------------
2025-05-25 12:03:51,177 - IOT_database - INFO - Telemetry simulation completed
2025-05-25 12:03:51,177 - IOT_database - INFO - Using database configuration from database.ini
2025-05-25 12:03:51,178 - IOT_database - INFO - Connecting to database (attempt 1/3)...
2025-05-25 12:03:51,311 - IOT_database - INFO - Database connection established successfully
2025-05-25 12:03:51,312 - IOT_database - ERROR - Error recording device activity: relation "device_activity" does not exist
LINE 1: SELECT COALESCE(MAX(ActivityID), 0) + 1 FROM Device_Activity
                                                     ^

2025-05-25 12:03:51,312 - IOT_database - INFO - Device activity recorded in fallback storage after error - Device: 1, Action: End Telemetry
2025-05-25 12:03:51,313 - IOT_database - INFO - Using database configuration from database.ini
2025-05-25 12:03:51,313 - IOT_database - INFO - Connecting to database (attempt 1/3)...
2025-05-25 12:03:51,349 - IOT_database - INFO - Database connection established successfully
2025-05-25 12:03:51,349 - IOT_database - ERROR - Error recording device activity: relation "device_activity" does not exist
LINE 1: SELECT COALESCE(MAX(ActivityID), 0) + 1 FROM Device_Activity
                                                     ^

2025-05-25 12:03:51,350 - IOT_database - INFO - Device activity recorded in fallback storage after error - Device: 2, Action: End Telemetry
2025-05-25 12:03:51,350 - IOT_database - INFO - Using database configuration from database.ini
2025-05-25 12:03:51,351 - IOT_database - INFO - Connecting to database (attempt 1/3)...
2025-05-25 12:03:51,384 - IOT_database - INFO - Database connection established successfully
2025-05-25 12:03:51,384 - IOT_database - ERROR - Error recording device activity: relation "device_activity" does not exist
LINE 1: SELECT COALESCE(MAX(ActivityID), 0) + 1 FROM Device_Activity
                                                     ^

2025-05-25 12:03:51,385 - IOT_database - INFO - Device activity recorded in fallback storage after error - Device: 3, Action: End Telemetry
